NOTE: Picked up JDK_JAVA_OPTIONS:  --add-opens=java.base/java.lang=ALL-UNNAMED --add-opens=java.base/java.io=ALL-UNNAMED --add-opens=java.rmi/sun.rmi.transport=ALL-UNNAMED
May 08, 2023 11:10:01 AM org.apache.catalina.startup.VersionLoggerListener log
INFO: Server version name:   Apache Tomcat/7.0.105
May 08, 2023 11:10:01 AM org.apache.catalina.startup.VersionLoggerListener log
INFO: Server built:          Jul 2 2020 12:25:26 UTC
May 08, 2023 11:10:01 AM org.apache.catalina.startup.VersionLoggerListener log
INFO: Server version number: 7.0.105.0
May 08, 2023 11:10:01 AM org.apache.catalina.startup.VersionLoggerListener log
INFO: OS Name:               Linux
May 08, 2023 11:10:01 AM org.apache.catalina.startup.VersionLoggerListener log
INFO: OS Version:            6.1.23-36.46.amzn2023.x86_64
May 08, 2023 11:10:01 AM org.apache.catalina.startup.VersionLoggerListener log
INFO: Architecture:          amd64
May 08, 2023 11:10:01 AM org.apache.catalina.startup.VersionLoggerListener log
INFO: Java Home:             /usr/lib/jvm/java-17-amazon-corretto.x86_64
May 08, 2023 11:10:01 AM org.apache.catalina.startup.VersionLoggerListener log
INFO: JVM Version:           17.0.6+10-LTS
May 08, 2023 11:10:01 AM org.apache.catalina.startup.VersionLoggerListener log
INFO: JVM Vendor:            Amazon.com Inc.
May 08, 2023 11:10:01 AM org.apache.catalina.startup.VersionLoggerListener log
INFO: CATALINA_BASE:         /home/ec2-user/sample-webapp/src/main/webapp/apache-tomcat-7.0.105
May 08, 2023 11:10:01 AM org.apache.catalina.startup.VersionLoggerListener log
INFO: CATALINA_HOME:         /home/ec2-user/sample-webapp/src/main/webapp/apache-tomcat-7.0.105
May 08, 2023 11:10:01 AM org.apache.catalina.startup.VersionLoggerListener log
INFO: Command line argument: --add-opens=java.base/java.lang=ALL-UNNAMED
May 08, 2023 11:10:01 AM org.apache.catalina.startup.VersionLoggerListener log
INFO: Command line argument: --add-opens=java.base/java.io=ALL-UNNAMED
May 08, 2023 11:10:01 AM org.apache.catalina.startup.VersionLoggerListener log
INFO: Command line argument: --add-opens=java.rmi/sun.rmi.transport=ALL-UNNAMED
May 08, 2023 11:10:01 AM org.apache.catalina.startup.VersionLoggerListener log
INFO: Command line argument: -Djava.util.logging.config.file=/home/ec2-user/sample-webapp/src/main/webapp/apache-tomcat-7.0.105/conf/logging.properties
May 08, 2023 11:10:01 AM org.apache.catalina.startup.VersionLoggerListener log
INFO: Command line argument: -Djava.util.logging.manager=org.apache.juli.ClassLoaderLogManager
May 08, 2023 11:10:01 AM org.apache.catalina.startup.VersionLoggerListener log
INFO: Command line argument: -Djdk.tls.ephemeralDHKeySize=2048
May 08, 2023 11:10:01 AM org.apache.catalina.startup.VersionLoggerListener log
INFO: Command line argument: -Dorg.apache.catalina.security.SecurityListener.UMASK=0027
May 08, 2023 11:10:01 AM org.apache.catalina.startup.VersionLoggerListener log
INFO: Command line argument: -Dignore.endorsed.dirs=
May 08, 2023 11:10:01 AM org.apache.catalina.startup.VersionLoggerListener log
INFO: Command line argument: -Dcatalina.base=/home/ec2-user/sample-webapp/src/main/webapp/apache-tomcat-7.0.105
May 08, 2023 11:10:01 AM org.apache.catalina.startup.VersionLoggerListener log
INFO: Command line argument: -Dcatalina.home=/home/ec2-user/sample-webapp/src/main/webapp/apache-tomcat-7.0.105
May 08, 2023 11:10:01 AM org.apache.catalina.startup.VersionLoggerListener log
INFO: Command line argument: -Djava.io.tmpdir=/home/ec2-user/sample-webapp/src/main/webapp/apache-tomcat-7.0.105/temp
May 08, 2023 11:10:01 AM org.apache.catalina.core.AprLifecycleListener lifecycleEvent
INFO: The Apache Tomcat Native library which allows using OpenSSL was not found on the java.library.path: [/usr/java/packages/lib:/usr/lib64:/lib64:/lib:/usr/lib]
May 08, 2023 11:10:01 AM org.apache.coyote.AbstractProtocol init
INFO: Initializing ProtocolHandler ["http-bio-8080"]
May 08, 2023 11:10:01 AM org.apache.catalina.startup.Catalina load
INFO: Initialization processed in 1335 ms
May 08, 2023 11:10:01 AM org.apache.catalina.core.StandardService startInternal
INFO: Starting service [Catalina]
May 08, 2023 11:10:01 AM org.apache.catalina.core.StandardEngine startInternal
INFO: Starting Servlet Engine: Apache Tomcat/7.0.105
May 08, 2023 11:10:01 AM org.apache.catalina.startup.HostConfig deployDirectory
INFO: Deploying web application directory [/home/ec2-user/sample-webapp/src/main/webapp/apache-tomcat-7.0.105/webapps/ROOT]
May 08, 2023 11:10:02 AM org.apache.catalina.startup.HostConfig deployDirectory
INFO: Deployment of web application directory [/home/ec2-user/sample-webapp/src/main/webapp/apache-tomcat-7.0.105/webapps/ROOT] has finished in [621] ms
May 08, 2023 11:10:02 AM org.apache.catalina.startup.HostConfig deployDirectory
INFO: Deploying web application directory [/home/ec2-user/sample-webapp/src/main/webapp/apache-tomcat-7.0.105/webapps/docs]
May 08, 2023 11:10:02 AM org.apache.catalina.startup.HostConfig deployDirectory
INFO: Deployment of web application directory [/home/ec2-user/sample-webapp/src/main/webapp/apache-tomcat-7.0.105/webapps/docs] has finished in [122] ms
May 08, 2023 11:10:02 AM org.apache.catalina.startup.HostConfig deployDirectory
INFO: Deploying web application directory [/home/ec2-user/sample-webapp/src/main/webapp/apache-tomcat-7.0.105/webapps/examples]
May 08, 2023 11:10:02 AM org.apache.catalina.startup.HostConfig deployDirectory
INFO: Deployment of web application directory [/home/ec2-user/sample-webapp/src/main/webapp/apache-tomcat-7.0.105/webapps/examples] has finished in [437] ms
May 08, 2023 11:10:02 AM org.apache.catalina.startup.HostConfig deployDirectory
INFO: Deploying web application directory [/home/ec2-user/sample-webapp/src/main/webapp/apache-tomcat-7.0.105/webapps/host-manager]
May 08, 2023 11:10:02 AM org.apache.catalina.startup.HostConfig deployDirectory
INFO: Deployment of web application directory [/home/ec2-user/sample-webapp/src/main/webapp/apache-tomcat-7.0.105/webapps/host-manager] has finished in [96] ms
May 08, 2023 11:10:02 AM org.apache.catalina.startup.HostConfig deployDirectory
INFO: Deploying web application directory [/home/ec2-user/sample-webapp/src/main/webapp/apache-tomcat-7.0.105/webapps/manager]
May 08, 2023 11:10:02 AM org.apache.catalina.startup.HostConfig deployDirectory
INFO: Deployment of web application directory [/home/ec2-user/sample-webapp/src/main/webapp/apache-tomcat-7.0.105/webapps/manager] has finished in [89] ms
May 08, 2023 11:10:02 AM org.apache.coyote.AbstractProtocol start
INFO: Starting ProtocolHandler ["http-bio-8080"]
May 08, 2023 11:10:02 AM org.apache.catalina.startup.Catalina start
INFO: Server startup in 1529 ms
May 08, 2023 11:28:49 AM org.apache.catalina.core.StandardServer await
INFO: A valid shutdown command was received via the shutdown port. Stopping the Server instance.
May 08, 2023 11:28:49 AM org.apache.coyote.AbstractProtocol pause
INFO: Pausing ProtocolHandler ["http-bio-8080"]
May 08, 2023 11:28:49 AM org.apache.catalina.core.StandardService stopInternal
INFO: Stopping service [Catalina]
May 08, 2023 11:28:49 AM org.apache.catalina.loader.WebappClassLoaderBase clearReferencesObjectStreamClassCaches
WARNING: Failed to clear soft references from ObjectStreamClass$Caches for web application []
java.lang.ClassCastException: class java.io.ObjectStreamClass$Caches$1 cannot be cast to class java.util.Map (java.io.ObjectStreamClass$Caches$1 and java.util.Map are in module java.base of loader 'bootstrap')
	at org.apache.catalina.loader.WebappClassLoaderBase.clearCache(WebappClassLoaderBase.java:3102)
	at org.apache.catalina.loader.WebappClassLoaderBase.clearReferencesObjectStreamClassCaches(WebappClassLoaderBase.java:3073)
	at org.apache.catalina.loader.WebappClassLoaderBase.clearReferences(WebappClassLoaderBase.java:2290)
	at org.apache.catalina.loader.WebappClassLoaderBase.stop(WebappClassLoaderBase.java:2183)
	at org.apache.catalina.loader.WebappLoader.stopInternal(WebappLoader.java:690)
	at org.apache.catalina.util.LifecycleBase.stop(LifecycleBase.java:257)
	at org.apache.catalina.core.StandardContext.stopInternal(StandardContext.java:5910)
	at org.apache.catalina.util.LifecycleBase.stop(LifecycleBase.java:257)
	at org.apache.catalina.core.ContainerBase$StopChild.call(ContainerBase.java:1705)
	at org.apache.catalina.core.ContainerBase$StopChild.call(ContainerBase.java:1694)
	at java.base/java.util.concurrent.FutureTask.run(FutureTask.java:264)
	at java.base/java.util.concurrent.ThreadPoolExecutor.runWorker(ThreadPoolExecutor.java:1136)
	at java.base/java.util.concurrent.ThreadPoolExecutor$Worker.run(ThreadPoolExecutor.java:635)
	at java.base/java.lang.Thread.run(Thread.java:833)

May 08, 2023 11:28:49 AM org.apache.catalina.loader.WebappClassLoaderBase clearReferencesObjectStreamClassCaches
WARNING: Failed to clear soft references from ObjectStreamClass$Caches for web application [/examples]
java.lang.ClassCastException: class java.io.ObjectStreamClass$Caches$1 cannot be cast to class java.util.Map (java.io.ObjectStreamClass$Caches$1 and java.util.Map are in module java.base of loader 'bootstrap')
	at org.apache.catalina.loader.WebappClassLoaderBase.clearCache(WebappClassLoaderBase.java:3102)
	at org.apache.catalina.loader.WebappClassLoaderBase.clearReferencesObjectStreamClassCaches(WebappClassLoaderBase.java:3073)
	at org.apache.catalina.loader.WebappClassLoaderBase.clearReferences(WebappClassLoaderBase.java:2290)
	at org.apache.catalina.loader.WebappClassLoaderBase.stop(WebappClassLoaderBase.java:2183)
	at org.apache.catalina.loader.WebappLoader.stopInternal(WebappLoader.java:690)
	at org.apache.catalina.util.LifecycleBase.stop(LifecycleBase.java:257)
	at org.apache.catalina.core.StandardContext.stopInternal(StandardContext.java:5910)
	at org.apache.catalina.util.LifecycleBase.stop(LifecycleBase.java:257)
	at org.apache.catalina.core.ContainerBase$StopChild.call(ContainerBase.java:1705)
	at org.apache.catalina.core.ContainerBase$StopChild.call(ContainerBase.java:1694)
	at java.base/java.util.concurrent.FutureTask.run(FutureTask.java:264)
	at java.base/java.util.concurrent.ThreadPoolExecutor.runWorker(ThreadPoolExecutor.java:1136)
	at java.base/java.util.concurrent.ThreadPoolExecutor$Worker.run(ThreadPoolExecutor.java:635)
	at java.base/java.lang.Thread.run(Thread.java:833)

May 08, 2023 11:28:49 AM org.apache.catalina.loader.WebappClassLoaderBase clearReferencesObjectStreamClassCaches
WARNING: Failed to clear soft references from ObjectStreamClass$Caches for web application [/host-manager]
java.lang.ClassCastException: class java.io.ObjectStreamClass$Caches$1 cannot be cast to class java.util.Map (java.io.ObjectStreamClass$Caches$1 and java.util.Map are in module java.base of loader 'bootstrap')
	at org.apache.catalina.loader.WebappClassLoaderBase.clearCache(WebappClassLoaderBase.java:3102)
	at org.apache.catalina.loader.WebappClassLoaderBase.clearReferencesObjectStreamClassCaches(WebappClassLoaderBase.java:3073)
	at org.apache.catalina.loader.WebappClassLoaderBase.clearReferences(WebappClassLoaderBase.java:2290)
	at org.apache.catalina.loader.WebappClassLoaderBase.stop(WebappClassLoaderBase.java:2183)
	at org.apache.catalina.loader.WebappLoader.stopInternal(WebappLoader.java:690)
	at org.apache.catalina.util.LifecycleBase.stop(LifecycleBase.java:257)
	at org.apache.catalina.core.StandardContext.stopInternal(StandardContext.java:5910)
	at org.apache.catalina.util.LifecycleBase.stop(LifecycleBase.java:257)
	at org.apache.catalina.core.ContainerBase$StopChild.call(ContainerBase.java:1705)
	at org.apache.catalina.core.ContainerBase$StopChild.call(ContainerBase.java:1694)
	at java.base/java.util.concurrent.FutureTask.run(FutureTask.java:264)
	at java.base/java.util.concurrent.ThreadPoolExecutor.runWorker(ThreadPoolExecutor.java:1136)
	at java.base/java.util.concurrent.ThreadPoolExecutor$Worker.run(ThreadPoolExecutor.java:635)
	at java.base/java.lang.Thread.run(Thread.java:833)

May 08, 2023 11:28:49 AM org.apache.catalina.loader.WebappClassLoaderBase clearReferencesObjectStreamClassCaches
WARNING: Failed to clear soft references from ObjectStreamClass$Caches for web application [/manager]
java.lang.ClassCastException: class java.io.ObjectStreamClass$Caches$1 cannot be cast to class java.util.Map (java.io.ObjectStreamClass$Caches$1 and java.util.Map are in module java.base of loader 'bootstrap')
	at org.apache.catalina.loader.WebappClassLoaderBase.clearCache(WebappClassLoaderBase.java:3102)
	at org.apache.catalina.loader.WebappClassLoaderBase.clearReferencesObjectStreamClassCaches(WebappClassLoaderBase.java:3073)
	at org.apache.catalina.loader.WebappClassLoaderBase.clearReferences(WebappClassLoaderBase.java:2290)
	at org.apache.catalina.loader.WebappClassLoaderBase.stop(WebappClassLoaderBase.java:2183)
	at org.apache.catalina.loader.WebappLoader.stopInternal(WebappLoader.java:690)
	at org.apache.catalina.util.LifecycleBase.stop(LifecycleBase.java:257)
	at org.apache.catalina.core.StandardContext.stopInternal(StandardContext.java:5910)
	at org.apache.catalina.util.LifecycleBase.stop(LifecycleBase.java:257)
	at org.apache.catalina.core.ContainerBase$StopChild.call(ContainerBase.java:1705)
	at org.apache.catalina.core.ContainerBase$StopChild.call(ContainerBase.java:1694)
	at java.base/java.util.concurrent.FutureTask.run(FutureTask.java:264)
	at java.base/java.util.concurrent.ThreadPoolExecutor.runWorker(ThreadPoolExecutor.java:1136)
	at java.base/java.util.concurrent.ThreadPoolExecutor$Worker.run(ThreadPoolExecutor.java:635)
	at java.base/java.lang.Thread.run(Thread.java:833)

May 08, 2023 11:28:49 AM org.apache.catalina.loader.WebappClassLoaderBase clearReferencesObjectStreamClassCaches
WARNING: Failed to clear soft references from ObjectStreamClass$Caches for web application [/docs]
java.lang.ClassCastException: class java.io.ObjectStreamClass$Caches$1 cannot be cast to class java.util.Map (java.io.ObjectStreamClass$Caches$1 and java.util.Map are in module java.base of loader 'bootstrap')
	at org.apache.catalina.loader.WebappClassLoaderBase.clearCache(WebappClassLoaderBase.java:3102)
	at org.apache.catalina.loader.WebappClassLoaderBase.clearReferencesObjectStreamClassCaches(WebappClassLoaderBase.java:3073)
	at org.apache.catalina.loader.WebappClassLoaderBase.clearReferences(WebappClassLoaderBase.java:2290)
	at org.apache.catalina.loader.WebappClassLoaderBase.stop(WebappClassLoaderBase.java:2183)
	at org.apache.catalina.loader.WebappLoader.stopInternal(WebappLoader.java:690)
	at org.apache.catalina.util.LifecycleBase.stop(LifecycleBase.java:257)
	at org.apache.catalina.core.StandardContext.stopInternal(StandardContext.java:5910)
	at org.apache.catalina.util.LifecycleBase.stop(LifecycleBase.java:257)
	at org.apache.catalina.core.ContainerBase$StopChild.call(ContainerBase.java:1705)
	at org.apache.catalina.core.ContainerBase$StopChild.call(ContainerBase.java:1694)
	at java.base/java.util.concurrent.FutureTask.run(FutureTask.java:264)
	at java.base/java.util.concurrent.ThreadPoolExecutor.runWorker(ThreadPoolExecutor.java:1136)
	at java.base/java.util.concurrent.ThreadPoolExecutor$Worker.run(ThreadPoolExecutor.java:635)
	at java.base/java.lang.Thread.run(Thread.java:833)

May 08, 2023 11:28:49 AM org.apache.coyote.AbstractProtocol stop
INFO: Stopping ProtocolHandler ["http-bio-8080"]
May 08, 2023 11:28:49 AM org.apache.coyote.AbstractProtocol destroy
INFO: Destroying ProtocolHandler ["http-bio-8080"]
NOTE: Picked up JDK_JAVA_OPTIONS:  --add-opens=java.base/java.lang=ALL-UNNAMED --add-opens=java.base/java.io=ALL-UNNAMED --add-opens=java.rmi/sun.rmi.transport=ALL-UNNAMED
May 08, 2023 11:30:39 AM org.apache.catalina.startup.VersionLoggerListener log
INFO: Server version name:   Apache Tomcat/7.0.105
May 08, 2023 11:30:39 AM org.apache.catalina.startup.VersionLoggerListener log
INFO: Server built:          Jul 2 2020 12:25:26 UTC
May 08, 2023 11:30:39 AM org.apache.catalina.startup.VersionLoggerListener log
INFO: Server version number: 7.0.105.0
May 08, 2023 11:30:39 AM org.apache.catalina.startup.VersionLoggerListener log
INFO: OS Name:               Linux
May 08, 2023 11:30:39 AM org.apache.catalina.startup.VersionLoggerListener log
INFO: OS Version:            6.1.23-36.46.amzn2023.x86_64
May 08, 2023 11:30:39 AM org.apache.catalina.startup.VersionLoggerListener log
INFO: Architecture:          amd64
May 08, 2023 11:30:39 AM org.apache.catalina.startup.VersionLoggerListener log
INFO: Java Home:             /usr/lib/jvm/java-17-amazon-corretto.x86_64
May 08, 2023 11:30:39 AM org.apache.catalina.startup.VersionLoggerListener log
INFO: JVM Version:           17.0.6+10-LTS
May 08, 2023 11:30:39 AM org.apache.catalina.startup.VersionLoggerListener log
INFO: JVM Vendor:            Amazon.com Inc.
May 08, 2023 11:30:39 AM org.apache.catalina.startup.VersionLoggerListener log
INFO: CATALINA_BASE:         /home/ec2-user/sample-webapp/src/main/webapp/apache-tomcat-7.0.105
May 08, 2023 11:30:39 AM org.apache.catalina.startup.VersionLoggerListener log
INFO: CATALINA_HOME:         /home/ec2-user/sample-webapp/src/main/webapp/apache-tomcat-7.0.105
May 08, 2023 11:30:39 AM org.apache.catalina.startup.VersionLoggerListener log
INFO: Command line argument: --add-opens=java.base/java.lang=ALL-UNNAMED
May 08, 2023 11:30:39 AM org.apache.catalina.startup.VersionLoggerListener log
INFO: Command line argument: --add-opens=java.base/java.io=ALL-UNNAMED
May 08, 2023 11:30:39 AM org.apache.catalina.startup.VersionLoggerListener log
INFO: Command line argument: --add-opens=java.rmi/sun.rmi.transport=ALL-UNNAMED
May 08, 2023 11:30:39 AM org.apache.catalina.startup.VersionLoggerListener log
INFO: Command line argument: -Djava.util.logging.config.file=/home/ec2-user/sample-webapp/src/main/webapp/apache-tomcat-7.0.105/conf/logging.properties
May 08, 2023 11:30:39 AM org.apache.catalina.startup.VersionLoggerListener log
INFO: Command line argument: -Djava.util.logging.manager=org.apache.juli.ClassLoaderLogManager
May 08, 2023 11:30:39 AM org.apache.catalina.startup.VersionLoggerListener log
INFO: Command line argument: -Djdk.tls.ephemeralDHKeySize=2048
May 08, 2023 11:30:39 AM org.apache.catalina.startup.VersionLoggerListener log
INFO: Command line argument: -Dorg.apache.catalina.security.SecurityListener.UMASK=0027
May 08, 2023 11:30:39 AM org.apache.catalina.startup.VersionLoggerListener log
INFO: Command line argument: -Dignore.endorsed.dirs=
May 08, 2023 11:30:39 AM org.apache.catalina.startup.VersionLoggerListener log
INFO: Command line argument: -Dcatalina.base=/home/ec2-user/sample-webapp/src/main/webapp/apache-tomcat-7.0.105
May 08, 2023 11:30:39 AM org.apache.catalina.startup.VersionLoggerListener log
INFO: Command line argument: -Dcatalina.home=/home/ec2-user/sample-webapp/src/main/webapp/apache-tomcat-7.0.105
May 08, 2023 11:30:39 AM org.apache.catalina.startup.VersionLoggerListener log
INFO: Command line argument: -Djava.io.tmpdir=/home/ec2-user/sample-webapp/src/main/webapp/apache-tomcat-7.0.105/temp
May 08, 2023 11:30:39 AM org.apache.catalina.core.AprLifecycleListener lifecycleEvent
INFO: The Apache Tomcat Native library which allows using OpenSSL was not found on the java.library.path: [/usr/java/packages/lib:/usr/lib64:/lib64:/lib:/usr/lib]
May 08, 2023 11:30:39 AM org.apache.coyote.AbstractProtocol init
INFO: Initializing ProtocolHandler ["http-bio-8080"]
May 08, 2023 11:30:39 AM org.apache.catalina.startup.Catalina load
INFO: Initialization processed in 1244 ms
May 08, 2023 11:30:39 AM org.apache.catalina.core.StandardService startInternal
INFO: Starting service [Catalina]
May 08, 2023 11:30:39 AM org.apache.catalina.core.StandardEngine startInternal
INFO: Starting Servlet Engine: Apache Tomcat/7.0.105
May 08, 2023 11:30:39 AM org.apache.catalina.startup.HostConfig deployDirectory
INFO: Deploying web application directory [/home/ec2-user/sample-webapp/src/main/webapp/apache-tomcat-7.0.105/webapps/ROOT]
May 08, 2023 11:30:40 AM org.apache.catalina.startup.HostConfig deployDirectory
INFO: Deployment of web application directory [/home/ec2-user/sample-webapp/src/main/webapp/apache-tomcat-7.0.105/webapps/ROOT] has finished in [606] ms
May 08, 2023 11:30:40 AM org.apache.catalina.startup.HostConfig deployDirectory
INFO: Deploying web application directory [/home/ec2-user/sample-webapp/src/main/webapp/apache-tomcat-7.0.105/webapps/docs]
May 08, 2023 11:30:40 AM org.apache.catalina.startup.HostConfig deployDirectory
INFO: Deployment of web application directory [/home/ec2-user/sample-webapp/src/main/webapp/apache-tomcat-7.0.105/webapps/docs] has finished in [100] ms
May 08, 2023 11:30:40 AM org.apache.catalina.startup.HostConfig deployDirectory
INFO: Deploying web application directory [/home/ec2-user/sample-webapp/src/main/webapp/apache-tomcat-7.0.105/webapps/examples]
May 08, 2023 11:30:41 AM org.apache.catalina.startup.HostConfig deployDirectory
INFO: Deployment of web application directory [/home/ec2-user/sample-webapp/src/main/webapp/apache-tomcat-7.0.105/webapps/examples] has finished in [423] ms
May 08, 2023 11:30:41 AM org.apache.catalina.startup.HostConfig deployDirectory
INFO: Deploying web application directory [/home/ec2-user/sample-webapp/src/main/webapp/apache-tomcat-7.0.105/webapps/host-manager]
May 08, 2023 11:30:41 AM org.apache.catalina.startup.HostConfig deployDirectory
INFO: Deployment of web application directory [/home/ec2-user/sample-webapp/src/main/webapp/apache-tomcat-7.0.105/webapps/host-manager] has finished in [104] ms
May 08, 2023 11:30:41 AM org.apache.catalina.startup.HostConfig deployDirectory
INFO: Deploying web application directory [/home/ec2-user/sample-webapp/src/main/webapp/apache-tomcat-7.0.105/webapps/manager]
May 08, 2023 11:30:41 AM org.apache.catalina.startup.HostConfig deployDirectory
INFO: Deployment of web application directory [/home/ec2-user/sample-webapp/src/main/webapp/apache-tomcat-7.0.105/webapps/manager] has finished in [96] ms
May 08, 2023 11:30:41 AM org.apache.coyote.AbstractProtocol start
INFO: Starting ProtocolHandler ["http-bio-8080"]
May 08, 2023 11:30:41 AM org.apache.catalina.startup.Catalina start
INFO: Server startup in 1499 ms
May 08, 2023 11:43:41 AM org.apache.catalina.startup.HostConfig deployWAR
INFO: Deploying web application archive [/home/ec2-user/sample-webapp/src/main/webapp/apache-tomcat-7.0.105/webapps/sample-webapp.war]
May 08, 2023 11:43:41 AM org.apache.catalina.startup.HostConfig deployWAR
INFO: Deployment of web application archive [/home/ec2-user/sample-webapp/src/main/webapp/apache-tomcat-7.0.105/webapps/sample-webapp.war] has finished in [122] ms
May 08, 2023 11:58:21 AM org.apache.catalina.startup.HostConfig undeploy
INFO: Undeploying context [/sample-webapp]
May 08, 2023 11:58:21 AM org.apache.catalina.loader.WebappClassLoaderBase clearReferencesObjectStreamClassCaches
WARNING: Failed to clear soft references from ObjectStreamClass$Caches for web application [/sample-webapp]
java.lang.ClassCastException: class java.io.ObjectStreamClass$Caches$1 cannot be cast to class java.util.Map (java.io.ObjectStreamClass$Caches$1 and java.util.Map are in module java.base of loader 'bootstrap')
	at org.apache.catalina.loader.WebappClassLoaderBase.clearCache(WebappClassLoaderBase.java:3102)
	at org.apache.catalina.loader.WebappClassLoaderBase.clearReferencesObjectStreamClassCaches(WebappClassLoaderBase.java:3073)
	at org.apache.catalina.loader.WebappClassLoaderBase.clearReferences(WebappClassLoaderBase.java:2290)
	at org.apache.catalina.loader.WebappClassLoaderBase.stop(WebappClassLoaderBase.java:2183)
	at org.apache.catalina.loader.WebappLoader.stopInternal(WebappLoader.java:690)
	at org.apache.catalina.util.LifecycleBase.stop(LifecycleBase.java:257)
	at org.apache.catalina.core.StandardContext.stopInternal(StandardContext.java:5910)
	at org.apache.catalina.util.LifecycleBase.stop(LifecycleBase.java:257)
	at org.apache.catalina.core.ContainerBase.removeChild(ContainerBase.java:1122)
	at org.apache.catalina.startup.HostConfig.undeploy(HostConfig.java:1597)
	at org.apache.catalina.startup.HostConfig.checkResources(HostConfig.java:1506)
	at org.apache.catalina.startup.HostConfig.check(HostConfig.java:1783)
	at org.apache.catalina.startup.HostConfig.lifecycleEvent(HostConfig.java:366)
	at org.apache.catalina.util.LifecycleBase.fireLifecycleEvent(LifecycleBase.java:123)
	at org.apache.catalina.core.ContainerBase.backgroundProcess(ContainerBase.java:1491)
	at org.apache.catalina.core.ContainerBase$ContainerBackgroundProcessor.processChildren(ContainerBase.java:1660)
	at org.apache.catalina.core.ContainerBase$ContainerBackgroundProcessor.processChildren(ContainerBase.java:1670)
	at org.apache.catalina.core.ContainerBase$ContainerBackgroundProcessor.run(ContainerBase.java:1638)
	at java.base/java.lang.Thread.run(Thread.java:833)

May 08, 2023 11:58:21 AM org.apache.catalina.startup.HostConfig deployWAR
INFO: Deploying web application archive [/home/ec2-user/sample-webapp/src/main/webapp/apache-tomcat-7.0.105/webapps/sample-webapp.war]
May 08, 2023 11:58:21 AM org.apache.catalina.startup.HostConfig deployWAR
INFO: Deployment of web application archive [/home/ec2-user/sample-webapp/src/main/webapp/apache-tomcat-7.0.105/webapps/sample-webapp.war] has finished in [447] ms
May 08, 2023 12:40:31 PM org.apache.coyote.AbstractProtocol pause
INFO: Pausing ProtocolHandler ["http-bio-8080"]
May 08, 2023 12:40:31 PM org.apache.catalina.core.StandardService stopInternal
INFO: Stopping service [Catalina]
May 08, 2023 12:40:31 PM org.apache.catalina.loader.WebappClassLoaderBase clearReferencesObjectStreamClassCaches
WARNING: Failed to clear soft references from ObjectStreamClass$Caches for web application []
java.lang.ClassCastException: class java.io.ObjectStreamClass$Caches$1 cannot be cast to class java.util.Map (java.io.ObjectStreamClass$Caches$1 and java.util.Map are in module java.base of loader 'bootstrap')
	at org.apache.catalina.loader.WebappClassLoaderBase.clearCache(WebappClassLoaderBase.java:3102)
	at org.apache.catalina.loader.WebappClassLoaderBase.clearReferencesObjectStreamClassCaches(WebappClassLoaderBase.java:3073)
	at org.apache.catalina.loader.WebappClassLoaderBase.clearReferences(WebappClassLoaderBase.java:2290)
	at org.apache.catalina.loader.WebappClassLoaderBase.stop(WebappClassLoaderBase.java:2183)
	at org.apache.catalina.loader.WebappLoader.stopInternal(WebappLoader.java:690)
	at org.apache.catalina.util.LifecycleBase.stop(LifecycleBase.java:257)
	at org.apache.catalina.core.StandardContext.stopInternal(StandardContext.java:5910)
	at org.apache.catalina.util.LifecycleBase.stop(LifecycleBase.java:257)
	at org.apache.catalina.core.ContainerBase$StopChild.call(ContainerBase.java:1705)
	at org.apache.catalina.core.ContainerBase$StopChild.call(ContainerBase.java:1694)
	at java.base/java.util.concurrent.FutureTask.run(FutureTask.java:264)
	at java.base/java.util.concurrent.ThreadPoolExecutor.runWorker(ThreadPoolExecutor.java:1136)
	at java.base/java.util.concurrent.ThreadPoolExecutor$Worker.run(ThreadPoolExecutor.java:635)
	at java.base/java.lang.Thread.run(Thread.java:833)

May 08, 2023 12:40:31 PM org.apache.catalina.loader.WebappClassLoaderBase clearReferencesObjectStreamClassCaches
WARNING: Failed to clear soft references from ObjectStreamClass$Caches for web application [/sample-webapp]
java.lang.ClassCastException: class java.io.ObjectStreamClass$Caches$1 cannot be cast to class java.util.Map (java.io.ObjectStreamClass$Caches$1 and java.util.Map are in module java.base of loader 'bootstrap')
	at org.apache.catalina.loader.WebappClassLoaderBase.clearCache(WebappClassLoaderBase.java:3102)
	at org.apache.catalina.loader.WebappClassLoaderBase.clearReferencesObjectStreamClassCaches(WebappClassLoaderBase.java:3073)
	at org.apache.catalina.loader.WebappClassLoaderBase.clearReferences(WebappClassLoaderBase.java:2290)
	at org.apache.catalina.loader.WebappClassLoaderBase.stop(WebappClassLoaderBase.java:2183)
	at org.apache.catalina.loader.WebappLoader.stopInternal(WebappLoader.java:690)
	at org.apache.catalina.util.LifecycleBase.stop(LifecycleBase.java:257)
	at org.apache.catalina.core.StandardContext.stopInternal(StandardContext.java:5910)
	at org.apache.catalina.util.LifecycleBase.stop(LifecycleBase.java:257)
	at org.apache.catalina.core.ContainerBase$StopChild.call(ContainerBase.java:1705)
	at org.apache.catalina.core.ContainerBase$StopChild.call(ContainerBase.java:1694)
	at java.base/java.util.concurrent.FutureTask.run(FutureTask.java:264)
	at java.base/java.util.concurrent.ThreadPoolExecutor.runWorker(ThreadPoolExecutor.java:1136)
	at java.base/java.util.concurrent.ThreadPoolExecutor$Worker.run(ThreadPoolExecutor.java:635)
	at java.base/java.lang.Thread.run(Thread.java:833)

May 08, 2023 12:40:31 PM org.apache.catalina.loader.WebappClassLoaderBase clearReferencesObjectStreamClassCaches
WARNING: Failed to clear soft references from ObjectStreamClass$Caches for web application [/examples]
java.lang.ClassCastException: class java.io.ObjectStreamClass$Caches$1 cannot be cast to class java.util.Map (java.io.ObjectStreamClass$Caches$1 and java.util.Map are in module java.base of loader 'bootstrap')
	at org.apache.catalina.loader.WebappClassLoaderBase.clearCache(WebappClassLoaderBase.java:3102)
	at org.apache.catalina.loader.WebappClassLoaderBase.clearReferencesObjectStreamClassCaches(WebappClassLoaderBase.java:3073)
	at org.apache.catalina.loader.WebappClassLoaderBase.clearReferences(WebappClassLoaderBase.java:2290)
	at org.apache.catalina.loader.WebappClassLoaderBase.stop(WebappClassLoaderBase.java:2183)
	at org.apache.catalina.loader.WebappLoader.stopInternal(WebappLoader.java:690)
	at org.apache.catalina.util.LifecycleBase.stop(LifecycleBase.java:257)
	at org.apache.catalina.core.StandardContext.stopInternal(StandardContext.java:5910)
	at org.apache.catalina.util.LifecycleBase.stop(LifecycleBase.java:257)
	at org.apache.catalina.core.ContainerBase$StopChild.call(ContainerBase.java:1705)
	at org.apache.catalina.core.ContainerBase$StopChild.call(ContainerBase.java:1694)
	at java.base/java.util.concurrent.FutureTask.run(FutureTask.java:264)
	at java.base/java.util.concurrent.ThreadPoolExecutor.runWorker(ThreadPoolExecutor.java:1136)
	at java.base/java.util.concurrent.ThreadPoolExecutor$Worker.run(ThreadPoolExecutor.java:635)
	at java.base/java.lang.Thread.run(Thread.java:833)

May 08, 2023 12:40:31 PM org.apache.catalina.loader.WebappClassLoaderBase clearReferencesObjectStreamClassCaches
WARNING: Failed to clear soft references from ObjectStreamClass$Caches for web application [/host-manager]
java.lang.ClassCastException: class java.io.ObjectStreamClass$Caches$1 cannot be cast to class java.util.Map (java.io.ObjectStreamClass$Caches$1 and java.util.Map are in module java.base of loader 'bootstrap')
	at org.apache.catalina.loader.WebappClassLoaderBase.clearCache(WebappClassLoaderBase.java:3102)
	at org.apache.catalina.loader.WebappClassLoaderBase.clearReferencesObjectStreamClassCaches(WebappClassLoaderBase.java:3073)
	at org.apache.catalina.loader.WebappClassLoaderBase.clearReferences(WebappClassLoaderBase.java:2290)
	at org.apache.catalina.loader.WebappClassLoaderBase.stop(WebappClassLoaderBase.java:2183)
	at org.apache.catalina.loader.WebappLoader.stopInternal(WebappLoader.java:690)
	at org.apache.catalina.util.LifecycleBase.stop(LifecycleBase.java:257)
	at org.apache.catalina.core.StandardContext.stopInternal(StandardContext.java:5910)
	at org.apache.catalina.util.LifecycleBase.stop(LifecycleBase.java:257)
	at org.apache.catalina.core.ContainerBase$StopChild.call(ContainerBase.java:1705)
	at org.apache.catalina.core.ContainerBase$StopChild.call(ContainerBase.java:1694)
	at java.base/java.util.concurrent.FutureTask.run(FutureTask.java:264)
	at java.base/java.util.concurrent.ThreadPoolExecutor.runWorker(ThreadPoolExecutor.java:1136)
	at java.base/java.util.concurrent.ThreadPoolExecutor$Worker.run(ThreadPoolExecutor.java:635)
	at java.base/java.lang.Thread.run(Thread.java:833)

May 08, 2023 12:40:31 PM org.apache.catalina.loader.WebappClassLoaderBase clearReferencesObjectStreamClassCaches
WARNING: Failed to clear soft references from ObjectStreamClass$Caches for web application [/manager]
java.lang.ClassCastException: class java.io.ObjectStreamClass$Caches$1 cannot be cast to class java.util.Map (java.io.ObjectStreamClass$Caches$1 and java.util.Map are in module java.base of loader 'bootstrap')
	at org.apache.catalina.loader.WebappClassLoaderBase.clearCache(WebappClassLoaderBase.java:3102)
	at org.apache.catalina.loader.WebappClassLoaderBase.clearReferencesObjectStreamClassCaches(WebappClassLoaderBase.java:3073)
	at org.apache.catalina.loader.WebappClassLoaderBase.clearReferences(WebappClassLoaderBase.java:2290)
	at org.apache.catalina.loader.WebappClassLoaderBase.stop(WebappClassLoaderBase.java:2183)
	at org.apache.catalina.loader.WebappLoader.stopInternal(WebappLoader.java:690)
	at org.apache.catalina.util.LifecycleBase.stop(LifecycleBase.java:257)
	at org.apache.catalina.core.StandardContext.stopInternal(StandardContext.java:5910)
	at org.apache.catalina.util.LifecycleBase.stop(LifecycleBase.java:257)
	at org.apache.catalina.core.ContainerBase$StopChild.call(ContainerBase.java:1705)
	at org.apache.catalina.core.ContainerBase$StopChild.call(ContainerBase.java:1694)
	at java.base/java.util.concurrent.FutureTask.run(FutureTask.java:264)
	at java.base/java.util.concurrent.ThreadPoolExecutor.runWorker(ThreadPoolExecutor.java:1136)
	at java.base/java.util.concurrent.ThreadPoolExecutor$Worker.run(ThreadPoolExecutor.java:635)
	at java.base/java.lang.Thread.run(Thread.java:833)

May 08, 2023 12:40:31 PM org.apache.catalina.loader.WebappClassLoaderBase clearReferencesObjectStreamClassCaches
WARNING: Failed to clear soft references from ObjectStreamClass$Caches for web application [/docs]
java.lang.ClassCastException: class java.io.ObjectStreamClass$Caches$1 cannot be cast to class java.util.Map (java.io.ObjectStreamClass$Caches$1 and java.util.Map are in module java.base of loader 'bootstrap')
	at org.apache.catalina.loader.WebappClassLoaderBase.clearCache(WebappClassLoaderBase.java:3102)
	at org.apache.catalina.loader.WebappClassLoaderBase.clearReferencesObjectStreamClassCaches(WebappClassLoaderBase.java:3073)
	at org.apache.catalina.loader.WebappClassLoaderBase.clearReferences(WebappClassLoaderBase.java:2290)
	at org.apache.catalina.loader.WebappClassLoaderBase.stop(WebappClassLoaderBase.java:2183)
	at org.apache.catalina.loader.WebappLoader.stopInternal(WebappLoader.java:690)
	at org.apache.catalina.util.LifecycleBase.stop(LifecycleBase.java:257)
	at org.apache.catalina.core.StandardContext.stopInternal(StandardContext.java:5910)
	at org.apache.catalina.util.LifecycleBase.stop(LifecycleBase.java:257)
	at org.apache.catalina.core.ContainerBase$StopChild.call(ContainerBase.java:1705)
	at org.apache.catalina.core.ContainerBase$StopChild.call(ContainerBase.java:1694)
	at java.base/java.util.concurrent.FutureTask.run(FutureTask.java:264)
	at java.base/java.util.concurrent.ThreadPoolExecutor.runWorker(ThreadPoolExecutor.java:1136)
	at java.base/java.util.concurrent.ThreadPoolExecutor$Worker.run(ThreadPoolExecutor.java:635)
	at java.base/java.lang.Thread.run(Thread.java:833)

May 08, 2023 12:40:31 PM org.apache.coyote.AbstractProtocol stop
INFO: Stopping ProtocolHandler ["http-bio-8080"]
May 08, 2023 12:40:31 PM org.apache.coyote.AbstractProtocol destroy
INFO: Destroying ProtocolHandler ["http-bio-8080"]
