May 08, 2023 11:10:02 AM org.apache.catalina.core.ApplicationContext log
INFO: ContextListener: contextInitialized()
May 08, 2023 11:10:02 AM org.apache.catalina.core.ApplicationContext log
INFO: SessionListener: contextInitialized()
May 08, 2023 11:10:02 AM org.apache.catalina.core.ApplicationContext log
INFO: ContextListener: attributeAdded('StockTicker', 'async.Stockticker@940b929')
May 08, 2023 11:10:02 AM org.apache.catalina.core.ApplicationContext log
INFO: ContextListener: attributeAdded('org.apache.jasper.compiler.TldLocationsCache', 'org.apache.jasper.compiler.TldLocationsCache@39d7b616')
May 08, 2023 11:28:49 AM org.apache.catalina.core.ApplicationContext log
INFO: SessionListener: contextDestroyed()
May 08, 2023 11:28:49 AM org.apache.catalina.core.ApplicationContext log
INFO: ContextListener: contextDestroyed()
May 08, 2023 11:30:41 AM org.apache.catalina.core.ApplicationContext log
INFO: ContextListener: contextInitialized()
May 08, 2023 11:30:41 AM org.apache.catalina.core.ApplicationContext log
INFO: SessionListener: contextInitialized()
May 08, 2023 11:30:41 AM org.apache.catalina.core.ApplicationContext log
INFO: ContextListener: attributeAdded('StockTicker', 'async.Stockticker@4fab77c2')
May 08, 2023 11:30:41 AM org.apache.catalina.core.ApplicationContext log
INFO: ContextListener: attributeAdded('org.apache.jasper.compiler.TldLocationsCache', 'org.apache.jasper.compiler.TldLocationsCache@54125627')
May 08, 2023 12:40:31 PM org.apache.catalina.core.ApplicationContext log
INFO: SessionListener: contextDestroyed()
May 08, 2023 12:40:31 PM org.apache.catalina.core.ApplicationContext log
INFO: ContextListener: contextDestroyed()
